<?xml version="1.0" encoding="UTF-8"?>
<testsuite xmlns:xsi="http://www.w3.org/2001/XMLSchema-instance" xsi:noNamespaceSchemaLocation="https://maven.apache.org/surefire/maven-surefire-plugin/xsd/surefire-test-report.xsd" name="AngularProject.AddClientTest" time="0.906" tests="3" errors="1" skipped="0" failures="0">
  <properties>
    <property name="java.specification.version" value="17"/>
    <property name="sun.cpu.isalist" value="amd64"/>
    <property name="sun.jnu.encoding" value="Cp1252"/>
    <property name="java.class.path" value="C:\Users\TanYe\Documents\workspace-spring-tool-suite-4-4.19.1.RELEASE\AngularProjectSeleniumTest\target\test-classes;C:\Users\TanYe\Documents\workspace-spring-tool-suite-4-4.19.1.RELEASE\AngularProjectSeleniumTest\target\classes;C:\Users\TanYe\.m2\repository\io\cucumber\cucumber-java\6.11.0\cucumber-java-6.11.0.jar;C:\Users\TanYe\.m2\repository\io\cucumber\cucumber-core\6.11.0\cucumber-core-6.11.0.jar;C:\Users\TanYe\.m2\repository\io\cucumber\cucumber-gherkin\6.11.0\cucumber-gherkin-6.11.0.jar;C:\Users\TanYe\.m2\repository\io\cucumber\cucumber-gherkin-messages\6.11.0\cucumber-gherkin-messages-6.11.0.jar;C:\Users\TanYe\.m2\repository\io\cucumber\messages\15.0.0\messages-15.0.0.jar;C:\Users\TanYe\.m2\repository\io\cucumber\tag-expressions\3.0.1\tag-expressions-3.0.1.jar;C:\Users\TanYe\.m2\repository\io\cucumber\cucumber-expressions\10.3.0\cucumber-expressions-10.3.0.jar;C:\Users\TanYe\.m2\repository\io\cucumber\datatable\3.5.0\datatable-3.5.0.jar;C:\Users\TanYe\.m2\repository\io\cucumber\cucumber-plugin\6.11.0\cucumber-plugin-6.11.0.jar;C:\Users\TanYe\.m2\repository\io\cucumber\docstring\6.11.0\docstring-6.11.0.jar;C:\Users\TanYe\.m2\repository\io\cucumber\html-formatter\13.0.0\html-formatter-13.0.0.jar;C:\Users\TanYe\.m2\repository\io\cucumber\create-meta\4.0.0\create-meta-4.0.0.jar;C:\Users\TanYe\.m2\repository\org\apiguardian\apiguardian-api\1.1.2\apiguardian-api-1.1.2.jar;C:\Users\TanYe\.m2\repository\io\cucumber\cucumber-junit\6.11.0\cucumber-junit-6.11.0.jar;C:\Users\TanYe\.m2\repository\org\seleniumhq\selenium\selenium-server\3.141.59\selenium-server-3.141.59.jar;C:\Users\TanYe\.m2\repository\org\seleniumhq\selenium\selenium-java\3.141.59\selenium-java-3.141.59.jar;C:\Users\TanYe\.m2\repository\org\seleniumhq\selenium\selenium-api\3.141.59\selenium-api-3.141.59.jar;C:\Users\TanYe\.m2\repository\org\seleniumhq\selenium\selenium-chrome-driver\3.141.59\selenium-chrome-driver-3.141.59.jar;C:\Users\TanYe\.m2\repository\org\seleniumhq\selenium\selenium-edge-driver\3.141.59\selenium-edge-driver-3.141.59.jar;C:\Users\TanYe\.m2\repository\org\seleniumhq\selenium\selenium-firefox-driver\3.141.59\selenium-firefox-driver-3.141.59.jar;C:\Users\TanYe\.m2\repository\org\seleniumhq\selenium\selenium-ie-driver\3.141.59\selenium-ie-driver-3.141.59.jar;C:\Users\TanYe\.m2\repository\org\seleniumhq\selenium\selenium-opera-driver\3.141.59\selenium-opera-driver-3.141.59.jar;C:\Users\TanYe\.m2\repository\org\seleniumhq\selenium\selenium-remote-driver\3.141.59\selenium-remote-driver-3.141.59.jar;C:\Users\TanYe\.m2\repository\org\seleniumhq\selenium\selenium-safari-driver\3.141.59\selenium-safari-driver-3.141.59.jar;C:\Users\TanYe\.m2\repository\org\seleniumhq\selenium\selenium-support\3.141.59\selenium-support-3.141.59.jar;C:\Users\TanYe\.m2\repository\com\beust\jcommander\1.72\jcommander-1.72.jar;C:\Users\TanYe\.m2\repository\net\bytebuddy\byte-buddy\1.8.15\byte-buddy-1.8.15.jar;C:\Users\TanYe\.m2\repository\org\apache\commons\commons-exec\1.3\commons-exec-1.3.jar;C:\Users\TanYe\.m2\repository\com\google\guava\guava\25.0-jre\guava-25.0-jre.jar;C:\Users\TanYe\.m2\repository\com\google\code\findbugs\jsr305\1.3.9\jsr305-1.3.9.jar;C:\Users\TanYe\.m2\repository\org\checkerframework\checker-compat-qual\2.0.0\checker-compat-qual-2.0.0.jar;C:\Users\TanYe\.m2\repository\com\google\errorprone\error_prone_annotations\2.1.3\error_prone_annotations-2.1.3.jar;C:\Users\TanYe\.m2\repository\com\google\j2objc\j2objc-annotations\1.1\j2objc-annotations-1.1.jar;C:\Users\TanYe\.m2\repository\org\codehaus\mojo\animal-sniffer-annotations\1.14\animal-sniffer-annotations-1.14.jar;C:\Users\TanYe\.m2\repository\net\jcip\jcip-annotations\1.0\jcip-annotations-1.0.jar;C:\Users\TanYe\.m2\repository\org\seleniumhq\selenium\jetty-repacked\9.4.12.v20180830\jetty-repacked-9.4.12.v20180830.jar;C:\Users\TanYe\.m2\repository\com\squareup\okhttp3\okhttp\3.11.0\okhttp-3.11.0.jar;C:\Users\TanYe\.m2\repository\com\squareup\okio\okio\1.14.0\okio-1.14.0.jar;C:\Users\TanYe\.m2\repository\javax\servlet\javax.servlet-api\3.1.0\javax.servlet-api-3.1.0.jar;C:\Users\TanYe\.m2\repository\org\yaml\snakeyaml\1.19\snakeyaml-1.19.jar;C:\Users\TanYe\.m2\repository\junit\junit\4.12\junit-4.12.jar;C:\Users\TanYe\.m2\repository\org\hamcrest\hamcrest-core\1.3\hamcrest-core-1.3.jar;"/>
    <property name="java.vm.vendor" value="Eclipse Adoptium"/>
    <property name="sun.arch.data.model" value="64"/>
    <property name="user.variant" value=""/>
    <property name="java.vendor.url" value="https://adoptium.net/"/>
    <property name="user.timezone" value="Asia/Singapore"/>
    <property name="os.name" value="Windows 10"/>
    <property name="java.vm.specification.version" value="17"/>
    <property name="sun.java.launcher" value="SUN_STANDARD"/>
    <property name="user.country" value="US"/>
    <property name="sun.boot.library.path" value="C:\Users\TanYe\Downloads\sts-4.19.1.RELEASE\plugins\org.eclipse.justj.openjdk.hotspot.jre.full.win32.x86_64_17.0.7.v20230425-1502\jre\bin"/>
    <property name="sun.java.command" value="C:\Users\TanYe\AppData\Local\Temp\surefire8883250811189701230\surefirebooter11832517290151825373.jar C:\Users\TanYe\AppData\Local\Temp\surefire8883250811189701230 2023-08-26T20-37-39_285-jvmRun1 surefire5970603402181355618tmp surefire_05214815252529272448tmp"/>
    <property name="jdk.debug" value="release"/>
    <property name="surefire.test.class.path" value="C:\Users\TanYe\Documents\workspace-spring-tool-suite-4-4.19.1.RELEASE\AngularProjectSeleniumTest\target\test-classes;C:\Users\TanYe\Documents\workspace-spring-tool-suite-4-4.19.1.RELEASE\AngularProjectSeleniumTest\target\classes;C:\Users\TanYe\.m2\repository\io\cucumber\cucumber-java\6.11.0\cucumber-java-6.11.0.jar;C:\Users\TanYe\.m2\repository\io\cucumber\cucumber-core\6.11.0\cucumber-core-6.11.0.jar;C:\Users\TanYe\.m2\repository\io\cucumber\cucumber-gherkin\6.11.0\cucumber-gherkin-6.11.0.jar;C:\Users\TanYe\.m2\repository\io\cucumber\cucumber-gherkin-messages\6.11.0\cucumber-gherkin-messages-6.11.0.jar;C:\Users\TanYe\.m2\repository\io\cucumber\messages\15.0.0\messages-15.0.0.jar;C:\Users\TanYe\.m2\repository\io\cucumber\tag-expressions\3.0.1\tag-expressions-3.0.1.jar;C:\Users\TanYe\.m2\repository\io\cucumber\cucumber-expressions\10.3.0\cucumber-expressions-10.3.0.jar;C:\Users\TanYe\.m2\repository\io\cucumber\datatable\3.5.0\datatable-3.5.0.jar;C:\Users\TanYe\.m2\repository\io\cucumber\cucumber-plugin\6.11.0\cucumber-plugin-6.11.0.jar;C:\Users\TanYe\.m2\repository\io\cucumber\docstring\6.11.0\docstring-6.11.0.jar;C:\Users\TanYe\.m2\repository\io\cucumber\html-formatter\13.0.0\html-formatter-13.0.0.jar;C:\Users\TanYe\.m2\repository\io\cucumber\create-meta\4.0.0\create-meta-4.0.0.jar;C:\Users\TanYe\.m2\repository\org\apiguardian\apiguardian-api\1.1.2\apiguardian-api-1.1.2.jar;C:\Users\TanYe\.m2\repository\io\cucumber\cucumber-junit\6.11.0\cucumber-junit-6.11.0.jar;C:\Users\TanYe\.m2\repository\org\seleniumhq\selenium\selenium-server\3.141.59\selenium-server-3.141.59.jar;C:\Users\TanYe\.m2\repository\org\seleniumhq\selenium\selenium-java\3.141.59\selenium-java-3.141.59.jar;C:\Users\TanYe\.m2\repository\org\seleniumhq\selenium\selenium-api\3.141.59\selenium-api-3.141.59.jar;C:\Users\TanYe\.m2\repository\org\seleniumhq\selenium\selenium-chrome-driver\3.141.59\selenium-chrome-driver-3.141.59.jar;C:\Users\TanYe\.m2\repository\org\seleniumhq\selenium\selenium-edge-driver\3.141.59\selenium-edge-driver-3.141.59.jar;C:\Users\TanYe\.m2\repository\org\seleniumhq\selenium\selenium-firefox-driver\3.141.59\selenium-firefox-driver-3.141.59.jar;C:\Users\TanYe\.m2\repository\org\seleniumhq\selenium\selenium-ie-driver\3.141.59\selenium-ie-driver-3.141.59.jar;C:\Users\TanYe\.m2\repository\org\seleniumhq\selenium\selenium-opera-driver\3.141.59\selenium-opera-driver-3.141.59.jar;C:\Users\TanYe\.m2\repository\org\seleniumhq\selenium\selenium-remote-driver\3.141.59\selenium-remote-driver-3.141.59.jar;C:\Users\TanYe\.m2\repository\org\seleniumhq\selenium\selenium-safari-driver\3.141.59\selenium-safari-driver-3.141.59.jar;C:\Users\TanYe\.m2\repository\org\seleniumhq\selenium\selenium-support\3.141.59\selenium-support-3.141.59.jar;C:\Users\TanYe\.m2\repository\com\beust\jcommander\1.72\jcommander-1.72.jar;C:\Users\TanYe\.m2\repository\net\bytebuddy\byte-buddy\1.8.15\byte-buddy-1.8.15.jar;C:\Users\TanYe\.m2\repository\org\apache\commons\commons-exec\1.3\commons-exec-1.3.jar;C:\Users\TanYe\.m2\repository\com\google\guava\guava\25.0-jre\guava-25.0-jre.jar;C:\Users\TanYe\.m2\repository\com\google\code\findbugs\jsr305\1.3.9\jsr305-1.3.9.jar;C:\Users\TanYe\.m2\repository\org\checkerframework\checker-compat-qual\2.0.0\checker-compat-qual-2.0.0.jar;C:\Users\TanYe\.m2\repository\com\google\errorprone\error_prone_annotations\2.1.3\error_prone_annotations-2.1.3.jar;C:\Users\TanYe\.m2\repository\com\google\j2objc\j2objc-annotations\1.1\j2objc-annotations-1.1.jar;C:\Users\TanYe\.m2\repository\org\codehaus\mojo\animal-sniffer-annotations\1.14\animal-sniffer-annotations-1.14.jar;C:\Users\TanYe\.m2\repository\net\jcip\jcip-annotations\1.0\jcip-annotations-1.0.jar;C:\Users\TanYe\.m2\repository\org\seleniumhq\selenium\jetty-repacked\9.4.12.v20180830\jetty-repacked-9.4.12.v20180830.jar;C:\Users\TanYe\.m2\repository\com\squareup\okhttp3\okhttp\3.11.0\okhttp-3.11.0.jar;C:\Users\TanYe\.m2\repository\com\squareup\okio\okio\1.14.0\okio-1.14.0.jar;C:\Users\TanYe\.m2\repository\javax\servlet\javax.servlet-api\3.1.0\javax.servlet-api-3.1.0.jar;C:\Users\TanYe\.m2\repository\org\yaml\snakeyaml\1.19\snakeyaml-1.19.jar;C:\Users\TanYe\.m2\repository\junit\junit\4.12\junit-4.12.jar;C:\Users\TanYe\.m2\repository\org\hamcrest\hamcrest-core\1.3\hamcrest-core-1.3.jar;"/>
    <property name="sun.cpu.endian" value="little"/>
    <property name="user.home" value="C:\Users\TanYe"/>
    <property name="user.language" value="en"/>
    <property name="java.specification.vendor" value="Oracle Corporation"/>
    <property name="java.version.date" value="2023-04-18"/>
    <property name="java.home" value="C:\Users\TanYe\Downloads\sts-4.19.1.RELEASE\plugins\org.eclipse.justj.openjdk.hotspot.jre.full.win32.x86_64_17.0.7.v20230425-1502\jre"/>
    <property name="file.separator" value="\"/>
    <property name="style.color" value="always"/>
    <property name="basedir" value="C:\Users\TanYe\Documents\workspace-spring-tool-suite-4-4.19.1.RELEASE\AngularProjectSeleniumTest"/>
    <property name="java.vm.compressedOopsMode" value="Zero based"/>
    <property name="line.separator" value="&#10;"/>
    <property name="java.vm.specification.vendor" value="Oracle Corporation"/>
    <property name="java.specification.name" value="Java Platform API Specification"/>
    <property name="surefire.real.class.path" value="C:\Users\TanYe\AppData\Local\Temp\surefire8883250811189701230\surefirebooter11832517290151825373.jar"/>
    <property name="user.script" value=""/>
    <property name="sun.management.compiler" value="HotSpot 64-Bit Tiered Compilers"/>
    <property name="java.runtime.version" value="17.0.7+7"/>
    <property name="user.name" value="TanYe"/>
    <property name="path.separator" value=";"/>
    <property name="os.version" value="10.0"/>
    <property name="java.runtime.name" value="OpenJDK Runtime Environment"/>
    <property name="file.encoding" value="Cp1252"/>
    <property name="java.vm.name" value="OpenJDK 64-Bit Server VM"/>
    <property name="java.vendor.version" value="Temurin-17.0.7+7"/>
    <property name="localRepository" value="C:\Users\TanYe\.m2\repository"/>
    <property name="java.vendor.url.bug" value="https://github.com/adoptium/adoptium-support/issues"/>
    <property name="java.io.tmpdir" value="C:\Users\TanYe\AppData\Local\Temp\"/>
    <property name="java.version" value="17.0.7"/>
    <property name="user.dir" value="C:\Users\TanYe\Documents\workspace-spring-tool-suite-4-4.19.1.RELEASE\AngularProjectSeleniumTest"/>
    <property name="os.arch" value="amd64"/>
    <property name="java.vm.specification.name" value="Java Virtual Machine Specification"/>
    <property name="sun.os.patch.level" value=""/>
    <property name="native.encoding" value="Cp1252"/>
    <property name="java.library.path" value="C:\Users\TanYe\Downloads\sts-4.19.1.RELEASE\plugins\org.eclipse.justj.openjdk.hotspot.jre.full.win32.x86_64_17.0.7.v20230425-1502\jre\bin;C:\WINDOWS\Sun\Java\bin;C:\WINDOWS\system32;C:\WINDOWS;C:/Users/TanYe/Downloads/sts-4.19.1.RELEASE//plugins/org.eclipse.justj.openjdk.hotspot.jre.full.win32.x86_64_17.0.7.v20230425-1502/jre/bin/server;C:/Users/TanYe/Downloads/sts-4.19.1.RELEASE//plugins/org.eclipse.justj.openjdk.hotspot.jre.full.win32.x86_64_17.0.7.v20230425-1502/jre/bin;C:\Program Files (x86)\Common Files\Oracle\Java\javapath;%Maven home%/bin;C:\Program Files\MySQL\MySQL Shell 8.0\bin\;C:\Users\TanYe\AppData\Local\Programs\Python\Python37\Scripts\;C:\Users\TanYe\AppData\Local\Programs\Python\Python37\;C:\Users\TanYe\AppData\Local\Microsoft\WindowsApps;C:\Users\TanYe\AppData\Local\GitHubDesktop\bin;C:\Users\TanYe\AppData\Local\Programs\Microsoft VS Code\bin;C:\Users\TanYe\AppData\Roaming\npm;C:\Users\TanYe\Downloads\apache-maven-3.9.3-bin\apache-maven-3.9.3;C:\Program Files\nodejs;;C:\Users\TanYe\Downloads\sts-4.19.1.RELEASE;;."/>
    <property name="java.vm.info" value="mixed mode"/>
    <property name="java.vendor" value="Eclipse Adoptium"/>
    <property name="java.vm.version" value="17.0.7+7"/>
    <property name="sun.io.unicode.encoding" value="UnicodeLittle"/>
    <property name="java.class.version" value="61.0"/>
  </properties>
  <testcase name="Adding a new Admin" classname="Adding a Admin" time="0.029"/>
  <testcase name="Admin logs in, creates a client, logs out, and client logs in" classname="Admin and Client user login, create client, and navigate" time="0.026"/>
  <testcase name="Admin updates client information and client logs in with updated credentials" classname="Update Client Information" time="0.014">
    <error message="The step &apos;the [update]success message should be displayed&apos; is undefined.&#10;You can implement this step using the snippet(s) below:&#10;&#10;@Then(&quot;the [update]success message should be displayed&quot;)&#10;public void the_update_success_message_should_be_displayed() {&#10;    // Write code here that turns the phrase above into concrete actions&#10;    throw new io.cucumber.java.PendingException();&#10;}&#10;" type="io.cucumber.junit.UndefinedStepException">io.cucumber.junit.UndefinedStepException: 
The step 'the [update]success message should be displayed' is undefined.
You can implement this step using the snippet(s) below:

@Then("the [update]success message should be displayed")
public void the_update_success_message_should_be_displayed() {
    // Write code here that turns the phrase above into concrete actions
    throw new io.cucumber.java.PendingException();
}

</error>
    <system-out><![CDATA[
Scenario: Admin updates client information and client logs in with updated credentials &amp#27;[90m# src/test/java/resources/features/updateClient.feature:3&amp#27;[0m
  &amp#27;[32mGiven &amp#27;[0m&amp#27;[32mthe [update]admin is on the login page&amp#27;[0m                                         &amp#27;[90m# stepdefinitions.UpdateClientSteps.updateAdminIsOnLoginPage()&amp#27;[0m
  &amp#27;[32mWhen &amp#27;[0m&amp#27;[32mthe [update]admin logs in with valid credentials&amp#27;[0m                                &amp#27;[90m# stepdefinitions.UpdateClientSteps.updateAdminLogsIn()&amp#27;[0m
  &amp#27;[32mAnd &amp#27;[0m&amp#27;[32mthe [update]admin navigates to the view clients page&amp#27;[0m                             &amp#27;[90m# stepdefinitions.UpdateClientSteps.updateAdminNavigatesToViewClientsPage()&amp#27;[0m
  &amp#27;[32mAnd &amp#27;[0m&amp#27;[32mthe [update]admin goes to the update client page&amp#27;[0m                                 &amp#27;[90m# stepdefinitions.UpdateClientSteps.updateAdminGoesToUpdateClientPage()&amp#27;[0m
  &amp#27;[32mAnd &amp#27;[0m&amp#27;[32mthe [update]admin updates client information with valid data&amp#27;[0m                     &amp#27;[90m# stepdefinitions.UpdateClientSteps.updateAdminUpdatesClientInformation()&amp#27;[0m
  &amp#27;[32mAnd &amp#27;[0m&amp#27;[32mthe [update]admin clicks on the "Update Client" button&amp#27;[0m                           &amp#27;[90m# stepdefinitions.UpdateClientSteps.updateAdminClicksUpdateClientButton()&amp#27;[0m
  &amp#27;[33mThen &amp#27;[0m&amp#27;[33mthe [update]success message should be displayed&amp#27;[0m                                 &amp#27;[90m# null&amp#27;[0m
  &amp#27;[36mAnd &amp#27;[0m&amp#27;[36mthe [update]admin logs out&amp#27;[0m                                                       &amp#27;[90m# stepdefinitions.UpdateClientSteps.updateAdminLogsOut()&amp#27;[0m
  &amp#27;[36mAnd &amp#27;[0m&amp#27;[36mthe [update]client is on the login page&amp#27;[0m                                          &amp#27;[90m# stepdefinitions.UpdateClientSteps.updateClientIsOnLoginPage()&amp#27;[0m
  &amp#27;[36mWhen &amp#27;[0m&amp#27;[36mthe [update]client logs in with updated valid credentials&amp#27;[0m                       &amp#27;[90m# stepdefinitions.UpdateClientSteps.updateClientLogsInWithUpdatedCredentials()&amp#27;[0m
  &amp#27;[36mAnd &amp#27;[0m&amp#27;[36mthe [update]client navigates to the client dashboard&amp#27;[0m                             &amp#27;[90m# stepdefinitions.UpdateClientSteps.updateClientNavigatesToDashboard()&amp#27;[0m
  &amp#27;[36mThen &amp#27;[0m&amp#27;[36mthe [update]updated client dashboard title should be displayed&amp#27;[0m                  &amp#27;[90m# stepdefinitions.UpdateClientSteps.updatedClientDashboardTitleShouldBeDisplayed()&amp#27;[0m
]]></system-out>
  </testcase>
</testsuite>